<?xml version="1.0" encoding="UTF-8"?>
<!-- Generated by org.testng.reporters.JUnitReportReporter -->
<testsuite hostname="IGDCLT0278s-MBP.bbrouter" failures="0" tests="5" name="tests.OpinionTest" time="516.075" errors="0" timestamp="2025-07-12T13:16:22 IST" skipped="0">
  <testcase classname="tests.OpinionTest" name="scrapeTopFiveOpinionArticles" time="90.071"/>
  <testcase classname="tests.OpinionTest" name="scrapeTopFiveOpinionArticles" time="105.389"/>
  <testcase classname="tests.OpinionTest" name="scrapeTopFiveOpinionArticles" time="102.058"/>
  <testcase classname="tests.OpinionTest" name="scrapeTopFiveOpinionArticles" time="110.961"/>
  <testcase classname="tests.OpinionTest" name="scrapeTopFiveOpinionArticles" time="107.596"/>
</testsuite> <!-- tests.OpinionTest -->
