<?xml version="1.0" encoding="UTF-8"?>
<!-- Generated by org.testng.reporters.JUnitReportReporter -->
<testsuite hostname="IGDCLT0278s-MBP.bbrouter" failures="0" tests="5" name="tests.TranslateTitleTest" time="232.074" errors="0" timestamp="2025-07-12T13:16:22 IST" skipped="0">
  <testcase classname="tests.TranslateTitleTest" name="translateArticleTitlesAndAnalyze" time="34.930"/>
  <testcase classname="tests.TranslateTitleTest" name="translateArticleTitlesAndAnalyze" time="49.479"/>
  <testcase classname="tests.TranslateTitleTest" name="translateArticleTitlesAndAnalyze" time="40.105"/>
  <testcase classname="tests.TranslateTitleTest" name="translateArticleTitlesAndAnalyze" time="49.748"/>
  <testcase classname="tests.TranslateTitleTest" name="translateArticleTitlesAndAnalyze" time="57.812"/>
</testsuite> <!-- tests.TranslateTitleTest -->
