<?xml version="1.0" encoding="UTF-8"?>
<!-- Generated by org.testng.reporters.JUnitReportReporter -->
<testsuite hostname="IGDCLT0278s-MBP.bbrouter" failures="0" tests="5" name="tests.ElPaisTest" time="92.992" errors="0" timestamp="2025-07-12T13:16:22 IST" skipped="0">
  <testcase classname="tests.ElPaisTest" name="testWebsiteIsInSpanish" time="10.103"/>
  <testcase classname="tests.ElPaisTest" name="testWebsiteIsInSpanish" time="20.124"/>
  <testcase classname="tests.ElPaisTest" name="testWebsiteIsInSpanish" time="22.862"/>
  <testcase classname="tests.ElPaisTest" name="testWebsiteIsInSpanish" time="16.596"/>
  <testcase classname="tests.ElPaisTest" name="testWebsiteIsInSpanish" time="23.307"/>
</testsuite> <!-- tests.ElPaisTest -->
